{"total": {"lines":{"total":337,"covered":271,"skipped":0,"pct":80.41},"statements":{"total":346,"covered":278,"skipped":0,"pct":80.34},"functions":{"total":59,"covered":54,"skipped":0,"pct":91.52},"branches":{"total":301,"covered":212,"skipped":0,"pct":70.43},"branchesTrue":{"total":0,"covered":0,"skipped":0,"pct":100}}
,"/workspace/src/domain/approval-queue.ts": {"lines":{"total":17,"covered":16,"skipped":0,"pct":94.11},"functions":{"total":6,"covered":6,"skipped":0,"pct":100},"statements":{"total":18,"covered":17,"skipped":0,"pct":94.44},"branches":{"total":12,"covered":10,"skipped":0,"pct":83.33}}
,"/workspace/src/domain/document-access.ts": {"lines":{"total":26,"covered":16,"skipped":0,"pct":61.53},"functions":{"total":10,"covered":6,"skipped":0,"pct":60},"statements":{"total":29,"covered":17,"skipped":0,"pct":58.62},"branches":{"total":25,"covered":13,"skipped":0,"pct":52}}
,"/workspace/src/domain/document-status.ts": {"lines":{"total":6,"covered":6,"skipped":0,"pct":100},"functions":{"total":1,"covered":1,"skipped":0,"pct":100},"statements":{"total":6,"covered":6,"skipped":0,"pct":100},"branches":{"total":2,"covered":2,"skipped":0,"pct":100}}
,"/workspace/src/mock/approval-engine.ts": {"lines":{"total":116,"covered":98,"skipped":0,"pct":84.48},"functions":{"total":16,"covered":16,"skipped":0,"pct":100},"statements":{"total":118,"covered":100,"skipped":0,"pct":84.74},"branches":{"total":105,"covered":85,"skipped":0,"pct":80.95}}
,"/workspace/src/provisioning/connection-config.ts": {"lines":{"total":62,"covered":51,"skipped":0,"pct":82.25},"functions":{"total":9,"covered":9,"skipped":0,"pct":100},"statements":{"total":64,"covered":53,"skipped":0,"pct":82.81},"branches":{"total":56,"covered":37,"skipped":0,"pct":66.07}}
,"/workspace/src/provisioning/schema-drift.ts": {"lines":{"total":42,"covered":28,"skipped":0,"pct":66.66},"functions":{"total":6,"covered":6,"skipped":0,"pct":100},"statements":{"total":42,"covered":28,"skipped":0,"pct":66.66},"branches":{"total":30,"covered":13,"skipped":0,"pct":43.33}}
,"/workspace/src/provisioning/shell-quote.ts": {"lines":{"total":6,"covered":6,"skipped":0,"pct":100},"functions":{"total":2,"covered":2,"skipped":0,"pct":100},"statements":{"total":6,"covered":6,"skipped":0,"pct":100},"branches":{"total":2,"covered":2,"skipped":0,"pct":100}}
,"/workspace/src/publishing/publish-engine.ts": {"lines":{"total":62,"covered":50,"skipped":0,"pct":80.64},"functions":{"total":9,"covered":8,"skipped":0,"pct":88.88},"statements":{"total":63,"covered":51,"skipped":0,"pct":80.95},"branches":{"total":69,"covered":50,"skipped":0,"pct":72.46}}
}
